C:\Users\Scumb\Desktop\Du Hast\MicroProcessor Lab\Lab 7\Lab 7.lst - generated by MGTEK Assembler ASM11 V1.26 Build 144 for WIN32 (x86) - Thu Nov 07 16:44:24 2019

    1:                                      *Program SHB7
    2:                                      *Switches the matrix rows around
    3:          =00000004                   N           EQU 4             ; Number of matrix rows
    4:          =00000005                   M           EQU 5             ; Number of matrix columns
    5:          =00001000                   PORTB       EQU $1000
    6:          =0000FFB8                   OUTA        EQU $FFB8         ; Address of OUTA Buffalo subroutine
    7:          =0000FFC7                   OUTSTRG     EQU $FFC7         ; Address of OUTSTRG Buffalo subroutine
    8:          =0000FFC4                   OUTCRLF     EQU $FFC4         ; Address of OUTCRLF Buffalo subroutine
    9:          =0000FFBE                   OUT1BSP     EQU $FFBE         ; Address of OUT1BSP Buffalo subroutine
   10:                                      *Declares matricies
   11:          =00000000                           ORG     $00
C:\Users\Scumb\Desktop\Du Hast\MicroProcessor Lab\Lab 7\Lab 7.asm(12): Warning A4304: col(9) obsolete directive
   12:     0000 00 01 02 03 04 05           Data    FCB     $00, $01, $02, $03, $04, $05, $06, $07, $08, $09;10
           0006 06 07 08 09 
   13:                                      
   14:                                      
C:\Users\Scumb\Desktop\Du Hast\MicroProcessor Lab\Lab 7\Lab 7.asm(15): Warning A4304: col(6) obsolete directive
   15:     000A 01                          R       FCB     1
C:\Users\Scumb\Desktop\Du Hast\MicroProcessor Lab\Lab 7\Lab 7.asm(16): Warning A4304: col(6) obsolete directive
   16:     000B 01                          V       FCB     1
   17:                                              
   18:          =0000B600                           ORG     $B600         ; Save code in EPROM
   19:                                      **** START OF MAIN PROGRAM ****
   20:     B600 8E 01FF                [03] Main    LDS     #$01FF        ; Initialize SP   20
   21:                                      
   22:     B603 CE B653                [03]         LDX     #MSG1         ; Load X with base address of MSG1
   23:     B606 BD FFC7                [06]         JSR     OUTSTRG       ; Call subroutine to print MSG1
   24:     B609 8D 07                  [06]         BSR     DELAY      ;Call subroutine to print original matrix
   25:                                      
   26:     B60B CE B676                [03]         LDX     #MSG2         ; Load X with base address of MSG2
   27:     B60E BD FFC7                [06]         JSR     OUTSTRG       ; Call subroutine to print MSG2
   28:                                      
   29:     B611 3F                     [0E]         SWI               ; return to Buffalo monitor
   30:                                      **** CODE FOR SUBROUTINES GOES HERE ****
   31:     B612                             DELAY                 ; code for delaying 1/3 seconds
   32:     B612 36                     [03]         PSHA
   33:     B613 37                     [03]         PSHB
   34:     B614 CC 11F8                [03]         LDD     #4600   ;run nop loop this many times to get .333 seconds
   35:                                      
   36:     B617                             loop    
   37:     B617 01                     [02]         NOP
   38:     B618 01                     [02]         NOP
   39:     B619 01                     [02]         NOP
   40:     B61A 01                     [02]         NOP
   41:     B61B 01                     [02]         NOP
   42:     B61C 01                     [02]         NOP
   43:     B61D 01                     [02]         NOP
   44:     B61E 01                     [02]         NOP
   45:     B61F 01                     [02]         NOP
   46:     B620 01                     [02]         NOP
   47:     B621 01                     [02]         NOP
   48:     B622 01                     [02]         NOP
   49:     B623 01                     [02]         NOP
   50:     B624 01                     [02]         NOP
   51:     B625 01                     [02]         NOP
   52:     B626 01                     [02]         NOP
   53:     B627 01                     [02]         NOP
   54:     B628 01                     [02]         NOP             ;18 NOPs to make it 20.5 us per loop
   55:                                              
   56:     B629 83 0001                [04]         SUBD    #1
   57:     B62C 1A83 0000              [05]         CPD     #0
   58:     B630 26 E5                  [03]         BNE     loop
   59:                                              
   60:     B632 32                     [04]         PULA
   61:     B633 33                     [04]         PULB
   62:     B634 39                     [05]         RTS               ; Return from subroutine
   63:     B635                             DISPLAY
   64:                                              
   65:     B635 FF 1000                [05]         STX     PORTB
   66:     B638 08                     [03]         INX
   67:                                              
   68:     B639 39                     [05]         RTS               ; code for swapping the matrix columns
   69:                                                                    ; Return from subroutine
   70:                                      
   71:     B63A                             DISP_DATA
   72:     B63A 36                     [03]         PSHA
   73:     B63B 4F                     [02]         CLRA
   74:     B63C 5F                     [02]         CLRB
   75:     B63D CE 0000                [03] loop2   ldx     #Data
   76:     B640 BD B635                [06] loop3   JSR     DISPLAY
   77:     B643 BD B612                [06]         JSR     DELAY
   78:     B646 4C                     [02]         INCA
   79:     B647 81 0A                  [02]         CMPA    #10
   80:     B649 26 F5                  [03]         BNE     loop3
   81:     B64B 5C                     [02]         INCB
   82:     B64C C1 02                  [02]         CMPB    #2
   83:     B64E 26 ED                  [03]         BNE     loop2
   84:     B650 32                     [04]         PULA
   85:     B651 33                     [04]         PULB
   86:     B652 39                     [05]         RTS
   87:                                              
   88:                                      **** DEFINE MESSAGES ****
C:\Users\Scumb\Desktop\Du Hast\MicroProcessor Lab\Lab 7\Lab 7.asm(89): Warning A4304: col(9) obsolete directive
   89:     B653 54 68 65 20 6F 72           MSG1    FCC     "The original matrix is as follows:" 
           B659 69 67 69 6E 61 6C 
           B65F 20 6D 61 74 72 69 
           B665 78 20 69 73 20 61 
           B66B 73 20 66 6F 6C 6C 
           B671 6F 77 73 3A 
C:\Users\Scumb\Desktop\Du Hast\MicroProcessor Lab\Lab 7\Lab 7.asm(90): Warning A4304: col(5) obsolete directive
   90:     B675 04                                  FCB     $04
C:\Users\Scumb\Desktop\Du Hast\MicroProcessor Lab\Lab 7\Lab 7.asm(91): Warning A4304: col(9) obsolete directive
   91:     B676 54 68 65 20 6D 6F           MSG2    FCC     "The modified matrix is as follows:" 
           B67C 64 69 66 69 65 64 
           B682 20 6D 61 74 72 69 
           B688 78 20 69 73 20 61 
           B68E 73 20 66 6F 6C 6C 
           B694 6F 77 73 3A 
C:\Users\Scumb\Desktop\Du Hast\MicroProcessor Lab\Lab 7\Lab 7.asm(92): Warning A4304: col(5) obsolete directive
   92:     B698 04                                  FCB     $04
