C:\Users\Scumb\Desktop\Du Hast\MicroProcessor Lab\Lab 6\Lab 6.lst - generated by MGTEK Assembler ASM11 V1.26 Build 144 for WIN32 (x86) - Tue Nov 05 13:30:28 2019

    1:          =0000103C                   HPRIO   EQU $103C
    2:          =000000F5                   MASK    EQU $F5
    3:                                      
    4:          =00000200                           ORG $0200
C:\Users\Scumb\Desktop\Du Hast\MicroProcessor Lab\Lab 6\Lab 6.asm(5): Warning A4304: col(6) obsolete directive
    5:     0200 +0001                       M       RMB 1; RESERVE 1 BYTE FOR M AT BEGINNING OF EXTERNAL RAM 
C:\Users\Scumb\Desktop\Du Hast\MicroProcessor Lab\Lab 6\Lab 6.asm(6): Warning A4304: col(6) obsolete directive
    6:     0201 +0001                       N       RMB 1; RESERVE 1 BYTE FOR N AT NEXT MEMORY LOCATION
C:\Users\Scumb\Desktop\Du Hast\MicroProcessor Lab\Lab 6\Lab 6.asm(7): Warning A4304: col(8) obsolete directive
    7:     0202 +0001                       SUM     RMB 1; RESERVE 1 BYTE FOR SUM AT NEXT MEMORY LOCATION
    8:          =0000B600                           ORG     $B600
    9:     B600 86 F5                  [02]         LDAA    #MASK; CHANGE HPRIO FOR INTERNAL READ VISIBILITY
   10:     B602 B7 103C                [04]         STAA    HPRIO
   11:     B605 86 05                  [02]         LDAA    #5      ; INITIALIZE M TO 5
   12:     B607 B7 0200                [04]         STAA    M
   13:     B60A 86 04                  [02]         LDAA    #4      ; INITIALIZE N TO 4
   14:     B60C B7 0201                [04]         STAA    N
   15:     B60F                             LOOP
   16:     B60F B6 0200                [04]         LDAA M  ; LOAD M INTO ACCA
   17:     B612 F6 0201                [04]         LDAB    N       ; LOAB N INTO   ACCB
   18:     B615 1B                     [02]         ABA     ; ACCA = ACCA + ACCB
   19:     B616 B7 0202                [04]         STAA    SUM     ; STORE SUM
   20:     B619 20 F4                  [03]         BRA     LOOP    ; LOOP FOREVER
   21:     B61B 3F                     [0E]         SWI
