C:\Users\Scumb\Desktop\Du Hast\MicroProcessor Lab\Lab 2\Lab2a.lst - generated by MGTEK Assembler ASM11 V1.26 Build 144 for WIN32 (x86) - Mon Sep 09 16:29:06 2019

    1:                                      * Finds the max element of an array and stores it at memory location $20
    2:                                      
    3:          =0000000A                   N       EQU     10      ;Array Count
    4:                                      
    5:          =00000000                           ORG     $00
C:\Users\Scumb\Desktop\Du Hast\MicroProcessor Lab\Lab 2\Lab2a.asm(6): Warning A4304: col(10) obsolete directive
    6:     0000 03 18 0F 4A 04 0A           Array   FCB     3,24,15,74,4,10,13,12,9,28
           0006 0D 0C 09 1C 
    7:                                      
    8:          =00000100                           ORG     $100
    9:     0100 96 00                  [03]         LDAA    Array   ;sets Array[0] as the temp array max
   10:     0102 C6 01                  [02]         LDAB    #1      ;initializesws loop index to 1
   11:     0104 CE 0000                [03] Loop    LDX     #Array  ;poaints x to Array[0]
   12:     0107 3A                     [03]         ABX             ;computes the addres of Array[1]
   13:     0108 A1 00                  [04]         CMPA    0,X     ;compares the temp array max to the next element
   14:     010A 24 02                  [03]         BHS     CHKEND  ;sees if we need to update the temporary array max
   15:     010C A6 00                  [04]         LDAA    0,X     ;updates the temperary array max
   16:     010E C1 09                  [02] CHKEND  CMPB    #N-1    ;compares the loop index with the loop limit
   17:     0110 27 03                  [03]         BEQ     EXIT    ;checks to see if the whole array is checked
   18:     0112 5C                     [02]         INCB            ;increments the loop index
   19:     0113 20 EF                  [03]         BRA     Loop    
   20:     0115 B7 0220                [04] EXIT    STAA    $220    ;saves the array max
   21:     0118 3F                     [0E]         SWI             ;terminates the program
